[32m2023-01-05 13:18:33 +0000[0m - dagster - [34mDEBUG[0m - __ASSET_JOB - 3977419c-f651-4141-a353-d64e5b222c0f - 8707 - LOGS_CAPTURED - Started capturing logs in process (pid: 8707).
[32m2023-01-05 13:18:33 +0000[0m - dagster - [34mDEBUG[0m - __ASSET_JOB - 3977419c-f651-4141-a353-d64e5b222c0f - 8707 - print_continent_population - STEP_START - Started execution of step "print_continent_population".
[32m2023-01-05 13:18:33 +0000[0m - dagster - [34mDEBUG[0m - __ASSET_JOB - 3977419c-f651-4141-a353-d64e5b222c0f - 8707 - print_continent_population - LOADED_INPUT - Loaded input "continent_population" using input manager "io_manager", from output "result" of step "continent_population"
[32m2023-01-05 13:18:33 +0000[0m - dagster - [34mDEBUG[0m - __ASSET_JOB - 3977419c-f651-4141-a353-d64e5b222c0f - 8707 - print_continent_population - STEP_INPUT - Got input "continent_population" of type "SQL". (Type check passed).
[32m2023-01-05 13:18:33 +0000[0m - dagster - [34mINFO[0m - __ASSET_JOB - 3977419c-f651-4141-a353-d64e5b222c0f - print_continent_population - Final asset:
[32m2023-01-05 13:18:34 +0000[0m - dagster - [34mINFO[0m - __ASSET_JOB - 3977419c-f651-4141-a353-d64e5b222c0f - print_continent_population -   continent  avg_pop_change
0    Africa        2.251207
1      Asia        1.338039
2       NaN        1.080000
3  Americas        0.768302
4   Oceania        0.734348
5    Europe        0.120426
[32m2023-01-05 13:18:34 +0000[0m - dagster - [34mDEBUG[0m - __ASSET_JOB - 3977419c-f651-4141-a353-d64e5b222c0f - 8707 - print_continent_population - STEP_OUTPUT - Yielded output "result" of type "Any". (Type check passed).
/workspace/.pyenv_mirror/user/current/lib/python3.8/site-packages/dagster/_core/definitions/logical_version.py:168: ExperimentalWarning: "LogicalVersion" is an experimental class. It may break in future versions, even between dot releases. To mute warnings for experimental functionality, invoke warnings.filterwarnings("ignore", category=dagster.ExperimentalWarning) or use one of the other methods described at https://docs.python.org/3/library/warnings.html#describing-warning-filters.
  return None if value is None else LogicalVersion(value)
/workspace/.pyenv_mirror/user/current/lib/python3.8/site-packages/dagster/_core/definitions/logical_version.py:159: ExperimentalWarning: "LogicalVersion" is an experimental class. It may break in future versions, even between dot releases. To mute warnings for experimental functionality, invoke warnings.filterwarnings("ignore", category=dagster.ExperimentalWarning) or use one of the other methods described at https://docs.python.org/3/library/warnings.html#describing-warning-filters.
  return LogicalVersion(hash_sig.hexdigest())
/workspace/.pyenv_mirror/user/current/lib/python3.8/site-packages/dagster/_core/execution/plan/execute_step.py:515: ExperimentalWarning: "LogicalVersion" is an experimental class. It may break in future versions, even between dot releases. To mute warnings for experimental functionality, invoke warnings.filterwarnings("ignore", category=dagster.ExperimentalWarning) or use one of the other methods described at https://docs.python.org/3/library/warnings.html#describing-warning-filters.
  logical_version = LogicalVersion(tags[LOGICAL_VERSION_TAG_KEY])
[32m2023-01-05 13:18:34 +0000[0m - dagster - [34mDEBUG[0m - __ASSET_JOB - 3977419c-f651-4141-a353-d64e5b222c0f - 8707 - print_continent_population - ASSET_MATERIALIZATION - Materialized value print_continent_population.
[32m2023-01-05 13:18:34 +0000[0m - dagster - [34mDEBUG[0m - __ASSET_JOB - 3977419c-f651-4141-a353-d64e5b222c0f - 8707 - print_continent_population - HANDLED_OUTPUT - Handled output "result" using IO manager "io_manager"
[32m2023-01-05 13:18:34 +0000[0m - dagster - [34mDEBUG[0m - __ASSET_JOB - 3977419c-f651-4141-a353-d64e5b222c0f - 8707 - print_continent_population - STEP_SUCCESS - Finished execution of step "print_continent_population" in 292ms.
